[debug] [2018-02-21T08:22:32.700Z] ----------------------------------------------------------------------
[debug] [2018-02-21T08:22:32.703Z] Command:       D:\Program Files\nodejs\node.exe C:\Users\Kasiek\AppData\Roaming\npm\node_modules\firebase-tools\bin\firebase serve
[debug] [2018-02-21T08:22:32.704Z] CLI Version:   3.17.4
[debug] [2018-02-21T08:22:32.704Z] Platform:      win32
[debug] [2018-02-21T08:22:32.704Z] Node Version:  v6.11.5
[debug] [2018-02-21T08:22:32.705Z] Time:          Wed Feb 21 2018 09:22:32 GMT+0100 (Środkowoeuropejski czas stand.)
[debug] [2018-02-21T08:22:32.705Z] ----------------------------------------------------------------------
[debug] 
[debug] [2018-02-21T08:22:32.719Z] > command requires scopes: ["email","openid","https://www.googleapis.com/auth/cloudplatformprojects.readonly","https://www.googleapis.com/auth/firebase","https://www.googleapis.com/auth/cloud-platform"]
[debug] [2018-02-21T08:22:32.719Z] > authorizing via signed-in user
[debug] [2018-02-21T08:22:32.722Z] >>> HTTP REQUEST GET https://admin.firebase.com/v1/projects/vuevocabulary  
  
 Wed Feb 21 2018 09:22:32 GMT+0100 (Środkowoeuropejski czas stand.)
[debug] [2018-02-21T08:22:33.457Z] <<< HTTP RESPONSE 200
[debug] [2018-02-21T08:22:33.458Z] >>> HTTP REQUEST GET https://admin.firebase.com/v1/database/vuevocabulary/tokens  
  
 Wed Feb 21 2018 09:22:33 GMT+0100 (Środkowoeuropejski czas stand.)
[debug] [2018-02-21T08:22:34.129Z] <<< HTTP RESPONSE 200
[info] 
[info] === Serving from 'D:\Kuby\VUE BOOTSTRAP\my-project'...
[info] 
[debug] [2018-02-21T08:22:34.137Z] >>> HTTP REQUEST GET https://cloudresourcemanager.googleapis.com/v1/projects/vuevocabulary  
  
 Wed Feb 21 2018 09:22:34 GMT+0100 (Środkowoeuropejski czas stand.)
[debug] [2018-02-21T08:22:34.929Z] <<< HTTP RESPONSE 200
[debug] [2018-02-21T08:22:34.930Z] >>> HTTP REQUEST GET https://mobilesdk-pa.googleapis.com/v1/projects/803226486142/clients/_:getWebAppConfig  
  
 Wed Feb 21 2018 09:22:34 GMT+0100 (Środkowoeuropejski czas stand.)
[debug] [2018-02-21T08:22:35.623Z] <<< HTTP RESPONSE 200
[info] i  hosting: Serving hosting files from: public
[info] +  hosting: Local server: http://localhost:5000

